{
  "stats": {
    "suites": 1,
    "tests": 2,
    "passes": 2,
    "pending": 0,
    "failures": 0,
    "start": "2024-03-18T01:43:48.446Z",
    "end": "2024-03-18T01:44:24.847Z",
    "duration": 36401,
    "testsRegistered": 2,
    "passPercent": 100,
    "pendingPercent": 0,
    "other": 0,
    "hasOther": false,
    "skipped": 0,
    "hasSkipped": false
  },
  "results": [
    {
      "uuid": "f8142bdb-2969-4508-b523-079bba87d8b0",
      "title": "",
      "fullFile": "cypress\\e2e\\assert.cy.js",
      "file": "cypress\\e2e\\assert.cy.js",
      "beforeHooks": [],
      "afterHooks": [],
      "tests": [],
      "suites": [
        {
          "uuid": "4e265144-ddda-4e2a-8823-cd713534c7b9",
          "title": "Tipos de assert basicos",
          "fullFile": "",
          "file": "",
          "beforeHooks": [],
          "afterHooks": [],
          "tests": [
            {
              "title": "assert que coincide con el atributo",
              "fullTitle": "Tipos de assert basicos assert que coincide con el atributo",
              "timedOut": null,
              "duration": 31216,
              "state": "passed",
              "speed": "slow",
              "pass": true,
              "fail": false,
              "pending": false,
              "context": null,
              "code": "cy.visit('https://demoqa.com/automation-practice-form');\ncy.get('#firstName').should('have.attr', 'placeholder', 'First Name');",
              "err": {},
              "uuid": "b976d78c-0ff2-4106-8413-86f43cd39701",
              "parentUUID": "4e265144-ddda-4e2a-8823-cd713534c7b9",
              "isHook": false,
              "skipped": false
            },
            {
              "title": "assert contaneado",
              "fullTitle": "Tipos de assert basicos assert contaneado",
              "timedOut": null,
              "duration": 759,
              "state": "passed",
              "speed": "fast",
              "pass": true,
              "fail": false,
              "pending": false,
              "context": null,
              "code": "cy.visit;",
              "err": {},
              "uuid": "198a5b4a-810a-46d3-bfce-58e1a743ed36",
              "parentUUID": "4e265144-ddda-4e2a-8823-cd713534c7b9",
              "isHook": false,
              "skipped": false
            }
          ],
          "suites": [],
          "passes": [
            "b976d78c-0ff2-4106-8413-86f43cd39701",
            "198a5b4a-810a-46d3-bfce-58e1a743ed36"
          ],
          "failures": [],
          "pending": [],
          "skipped": [],
          "duration": 31975,
          "root": false,
          "rootEmpty": false,
          "_timeout": 2000
        }
      ],
      "passes": [],
      "failures": [],
      "pending": [],
      "skipped": [],
      "duration": 0,
      "root": true,
      "rootEmpty": true,
      "_timeout": 2000
    }
  ],
  "meta": {
    "mocha": {
      "version": "7.0.1"
    },
    "mochawesome": {
      "options": {
        "quiet": false,
        "reportFilename": "mochawesome",
        "saveHtml": false,
        "saveJson": true,
        "consoleReporter": "spec",
        "useInlineDiffs": false,
        "code": true
      },
      "version": "7.1.3"
    },
    "marge": {
      "options": {
        "overwrite": false,
        "html": false,
        "json": true,
        "reportDir": "cypress\\reports\\html\\.jsons"
      },
      "version": "6.2.0"
    }
  }
}